<?xml version="1.0" encoding="UTF-8"?>
<!-- Generated by org.testng.reporters.JUnitReportReporter -->
<testsuite hostname="DESKTOP-8CLLG1Q" failures="0" tests="1" name="com.bankingProject.testClass.TC_001_loginTest" time="58.766" errors="0" timestamp="2022-08-01T17:21:06 IST" skipped="0">
  <testcase classname="com.bankingProject.testClass.TC_001_loginTest" name="loginTest" time="58.766"/>
  <system-out/>
</testsuite> <!-- com.bankingProject.testClass.TC_001_loginTest -->
